<?xml version="1.0" encoding="UTF-8"?>
<testng-results skipped="0" failed="0" ignored="0" total="1" passed="1">
  <reporter-output>
  </reporter-output>
  <suite name="Default suite" duration-ms="77" started-at="2018-06-05T10:40:15Z" finished-at="2018-06-05T10:40:15Z">
    <groups>
    </groups>
    <test name="Default test" duration-ms="77" started-at="2018-06-05T10:40:15Z" finished-at="2018-06-05T10:40:15Z">
      <class name="com.qa.test.HomePageTest">
        <test-method status="PASS" signature="test1()[pri:0, instance:com.qa.test.HomePageTest@5b275dab]" name="test1" duration-ms="22" started-at="2018-06-05T10:40:15Z" finished-at="2018-06-05T10:40:15Z">
          <reporter-output>
          </reporter-output>
        </test-method> <!-- test1 -->
      </class> <!-- com.qa.test.HomePageTest -->
    </test> <!-- Default test -->
  </suite> <!-- Default suite -->
</testng-results>
